#
# A fatal error has been detected by the Java Runtime Environment:
#
#  EXCEPTION_ACCESS_VIOLATION (0xc0000005) at pc=0x00007ff8ed15a0e0, pid=17100, tid=0x0000000000003324
#
# JRE version: Java(TM) SE Runtime Environment (8.0_192-b12) (build 1.8.0_192-b12)
# Java VM: Java HotSpot(TM) 64-Bit Server VM (25.192-b12 mixed mode windows-amd64 compressed oops)
# Problematic frame:
# C  [igdrclneo64.dll+0x9a0e0]
#
# Failed to write core dump. Minidumps are not enabled by default on client versions of Windows
#
# If you would like to submit a bug report, please visit:
#   http://bugreport.java.com/bugreport/crash.jsp
#

---------------  T H R E A D  ---------------

Current thread (0x0000000017659800):  VMThread [stack: 0x0000000019340000,0x0000000019440000] [id=13092]

siginfo: ExceptionCode=0xc0000005, reading address 0x0000000000000000

Registers:
RAX=0x0000000029459d60, RBX=0x00007ff8ed15a0c0, RCX=0x0000000029710e00, RDX=0x0000000000000000
RSP=0x000000001943ebe0, RBP=0x0000000000000000, RSI=0x0000000000000000, RDI=0x0000000029710e00
R8 =0x000000000000003d, R9 =0x000000000000003d, R10=0x000000000000003b, R11=0x000000001943ec20
R12=0x00007ff946ca6120, R13=0x00007ff946ca6168, R14=0x00007ff8f0ce5130, R15=0x00007ff8ef42ba70
RIP=0x00007ff8ed15a0e0, EFLAGS=0x0000000000010202

Top of Stack: (sp=0x000000001943ebe0)
0x000000001943ebe0:   0000000000000013 00007ff946b8083d
0x000000001943ebf0:   00000000005602e8 00007ff946b86653
0x000000001943ec00:   0000000029710e00 00007ff8ed0e1180
0x000000001943ec10:   00007ff8ed15a0c0 0000000000594ee0
0x000000001943ec20:   0000000000000000 00007ff92acd2b4f
0x000000001943ec30:   fffffffffffffffe 0000000000000000
0x000000001943ec40:   0000062ed5ab918b 00007ff8f0ce7770
0x000000001943ec50:   0000000000000001 00007ff8ef5465ae
0x000000001943ec60:   000000001e3e56c0 000000001e3e56c0
0x000000001943ec70:   00007ff8ef42ba70 00007ff8f00a9833
0x000000001943ec80:   00007ff8f0ce77d0 00007ff8ef431fdf
0x000000001943ec90:   0000000000000000 000000001e3e56c0
0x000000001943eca0:   0000000000000000 00007ff8f00a9c9b
0x000000001943ecb0:   00007ff800000000 00007ff8ef566315
0x000000001943ecc0:   000013dcebae598b 00007ff946ca6120
0x000000001943ecd0:   0000000000000001 00007ff8ef546890 

Instructions: (pc=0x00007ff8ed15a0e0)
0x00007ff8ed15a0c0:   48 89 5c 24 08 48 89 74 24 10 57 48 83 ec 20 48
0x00007ff8ed15a0d0:   8b 81 f8 00 00 00 48 8b f9 48 8b b0 f0 03 00 00
0x00007ff8ed15a0e0:   48 8b 06 48 8b 58 18 48 8b cb ff 15 58 54 1a 00
0x00007ff8ed15a0f0:   48 8b ce ff d3 48 8b cf e8 b3 bb fc ff 84 c0 75 


Register to memory mapping:

RAX=0x0000000029459d60 is an unknown value
RBX=0x00007ff8ed15a0c0 is an unknown value
RCX=0x0000000029710e00 is an unknown value
RDX=0x0000000000000000 is an unknown value
RSP=0x000000001943ebe0 is an unknown value
RBP=0x0000000000000000 is an unknown value
RSI=0x0000000000000000 is an unknown value
RDI=0x0000000029710e00 is an unknown value
R8 =0x000000000000003d is an unknown value
R9 =0x000000000000003d is an unknown value
R10=0x000000000000003b is an unknown value
R11=0x000000001943ec20 is an unknown value
R12=0x00007ff946ca6120 is an unknown value
R13=0x00007ff946ca6168 is an unknown value
R14=0x00007ff8f0ce5130 is an unknown value
R15=0x00007ff8ef42ba70 is an unknown value


Stack: [0x0000000019340000,0x0000000019440000],  sp=0x000000001943ebe0,  free space=1018k
Native frames: (J=compiled Java code, j=interpreted, Vv=VM code, C=native code)

VM_Operation (0x000000001bc1d510): Exit, mode: safepoint, requested by thread 0x000000001a64a000


---------------  P R O C E S S  ---------------

Java Threads: ( => current thread )
  0x00000000025e3800 JavaThread "DestroyJavaVM" [_thread_blocked, id=8168, stack(0x0000000002300000,0x0000000002400000)]
  0x000000001a66e000 JavaThread "Thread-2" [_thread_blocked, id=14916, stack(0x0000000028710000,0x0000000028810000)]
  0x000000001a64a000 JavaThread "AWT-EventQueue-0" [_thread_blocked, id=4872, stack(0x000000001bb20000,0x000000001bc20000)]
  0x000000001a5ce800 JavaThread "AWT-Shutdown" [_thread_blocked, id=11848, stack(0x000000001af40000,0x000000001b040000)]
  0x000000001a587800 JavaThread "Java2D Disposer" daemon [_thread_blocked, id=14968, stack(0x000000001ae40000,0x000000001af40000)]
  0x00000000195b2000 JavaThread "Service Thread" daemon [_thread_blocked, id=17156, stack(0x000000001a240000,0x000000001a340000)]
  0x000000001951b800 JavaThread "C1 CompilerThread3" daemon [_thread_blocked, id=12116, stack(0x000000001a140000,0x000000001a240000)]
  0x0000000019509800 JavaThread "C2 CompilerThread2" daemon [_thread_blocked, id=12952, stack(0x000000001a040000,0x000000001a140000)]
  0x0000000019508000 JavaThread "C2 CompilerThread1" daemon [_thread_blocked, id=10540, stack(0x0000000019f40000,0x000000001a040000)]
  0x000000001950c800 JavaThread "C2 CompilerThread0" daemon [_thread_blocked, id=10940, stack(0x0000000019e40000,0x0000000019f40000)]
  0x00000000194bc000 JavaThread "Monitor Ctrl-Break" daemon [_thread_in_native, id=11616, stack(0x0000000019d40000,0x0000000019e40000)]
  0x0000000019473800 JavaThread "Attach Listener" daemon [_thread_blocked, id=13860, stack(0x0000000019c40000,0x0000000019d40000)]
  0x0000000019472800 JavaThread "Signal Dispatcher" daemon [_thread_blocked, id=7152, stack(0x0000000019b40000,0x0000000019c40000)]
  0x0000000019461000 JavaThread "Finalizer" daemon [_thread_blocked, id=15200, stack(0x0000000019940000,0x0000000019a40000)]
  0x0000000019460800 JavaThread "Reference Handler" daemon [_thread_blocked, id=8660, stack(0x0000000019840000,0x0000000019940000)]

Other Threads:
=>0x0000000017659800 VMThread [stack: 0x0000000019340000,0x0000000019440000] [id=13092]

VM state:at safepoint (shutting down)

VM Mutex/Monitor currently owned by a thread:  ([mutex/lock_event])
[0x00000000025e02d0] Threads_lock - owner thread: 0x0000000017659800

heap address: 0x0000000081c00000, size: 2020 MB, Compressed Oops mode: 32-bit
Narrow klass base: 0x0000000000000000, Narrow klass shift: 3
Compressed class space size: 1073741824 Address: 0x0000000100000000

Heap:
 PSYoungGen      total 38400K, used 27489K [0x00000000d5f00000, 0x00000000d8980000, 0x0000000100000000)
  eden space 33280K, 70% used [0x00000000d5f00000,0x00000000d75df020,0x00000000d7f80000)
  from space 5120K, 79% used [0x00000000d7f80000,0x00000000d83794c0,0x00000000d8480000)
  to   space 5120K, 0% used [0x00000000d8480000,0x00000000d8480000,0x00000000d8980000)
 ParOldGen       total 87552K, used 64K [0x0000000081c00000, 0x0000000087180000, 0x00000000d5f00000)
  object space 87552K, 0% used [0x0000000081c00000,0x0000000081c10000,0x0000000087180000)
 Metaspace       used 11498K, capacity 11720K, committed 12032K, reserved 1060864K
  class space    used 1341K, capacity 1424K, committed 1536K, reserved 1048576K

Card table byte_map: [0x0000000011aa0000,0x0000000011ea0000] byte_map_base: 0x0000000011692000

Marking Bits: (ParMarkBitMap*) 0x00000000526d3ce0
 Begin Bits: [0x0000000012950000, 0x00000000148e0000)
 End Bits:   [0x00000000148e0000, 0x0000000016870000)

Polling page: 0x0000000000b10000

CodeCache: size=245760Kb used=3364Kb max_used=3364Kb free=242395Kb
 bounds [0x00000000026e0000, 0x0000000002a30000, 0x00000000116e0000]
 total_blobs=1628 nmethods=851 adapters=689
 compilation: enabled

Compilation events (10 events):
Event: 22.535 Thread 0x000000001951b800  881       3       org.opencv.core.Mat::type (8 bytes)
Event: 22.535 Thread 0x000000001951b800 nmethod 881 0x0000000002912dd0 code [0x0000000002912f40, 0x00000000029130c8]
Event: 22.547 Thread 0x000000001951b800  883       3       org.opencv.core.CvType::channels (6 bytes)
Event: 22.547 Thread 0x000000001951b800 nmethod 883 0x0000000002a25710 code [0x0000000002a25860, 0x0000000002a25990]
Event: 22.547 Thread 0x000000001951b800  884       3       org.opencv.core.CvType::depth (5 bytes)
Event: 22.547 Thread 0x000000001951b800 nmethod 884 0x0000000002a25410 code [0x0000000002a25560, 0x0000000002a25690]
Event: 23.842 Thread 0x000000001951b800  885       3       java.nio.ByteBuffer::array (35 bytes)
Event: 23.842 Thread 0x000000001951b800 nmethod 885 0x0000000002a24e10 code [0x0000000002a24fa0, 0x0000000002a252b8]
Event: 23.943 Thread 0x000000001951b800  886       3       sun.awt.PlatformFont::getFontCache (24 bytes)
Event: 23.943 Thread 0x000000001951b800 nmethod 886 0x0000000002a249d0 code [0x0000000002a24b20, 0x0000000002a24d70]

GC Heap History (6 events):
Event: 5.657 GC heap before
{Heap before GC invocations=1 (full 0):
 PSYoungGen      total 38400K, used 32471K [0x00000000d5f00000, 0x00000000d8980000, 0x0000000100000000)
  eden space 33280K, 97% used [0x00000000d5f00000,0x00000000d7eb5f98,0x00000000d7f80000)
  from space 5120K, 0% used [0x00000000d8480000,0x00000000d8480000,0x00000000d8980000)
  to   space 5120K, 0% used [0x00000000d7f80000,0x00000000d7f80000,0x00000000d8480000)
 ParOldGen       total 87552K, used 0K [0x0000000081c00000, 0x0000000087180000, 0x00000000d5f00000)
  object space 87552K, 0% used [0x0000000081c00000,0x0000000081c00000,0x0000000087180000)
 Metaspace       used 9717K, capacity 9918K, committed 10240K, reserved 1058816K
  class space    used 1110K, capacity 1193K, committed 1280K, reserved 1048576K
Event: 5.660 GC heap after
Heap after GC invocations=1 (full 0):
 PSYoungGen      total 38400K, used 3044K [0x00000000d5f00000, 0x00000000d8980000, 0x0000000100000000)
  eden space 33280K, 0% used [0x00000000d5f00000,0x00000000d5f00000,0x00000000d7f80000)
  from space 5120K, 59% used [0x00000000d7f80000,0x00000000d8279310,0x00000000d8480000)
  to   space 5120K, 0% used [0x00000000d8480000,0x00000000d8480000,0x00000000d8980000)
 ParOldGen       total 87552K, used 8K [0x0000000081c00000, 0x0000000087180000, 0x00000000d5f00000)
  object space 87552K, 0% used [0x0000000081c00000,0x0000000081c02000,0x0000000087180000)
 Metaspace       used 9717K, capacity 9918K, committed 10240K, reserved 1058816K
  class space    used 1110K, capacity 1193K, committed 1280K, reserved 1048576K
}
Event: 14.020 GC heap before
{Heap before GC invocations=2 (full 0):
 PSYoungGen      total 38400K, used 35590K [0x00000000d5f00000, 0x00000000d8980000, 0x0000000100000000)
  eden space 33280K, 97% used [0x00000000d5f00000,0x00000000d7ec8738,0x00000000d7f80000)
  from space 5120K, 59% used [0x00000000d7f80000,0x00000000d8279310,0x00000000d8480000)
  to   space 5120K, 0% used [0x00000000d8480000,0x00000000d8480000,0x00000000d8980000)
 ParOldGen       total 87552K, used 8K [0x0000000081c00000, 0x0000000087180000, 0x00000000d5f00000)
  object space 87552K, 0% used [0x0000000081c00000,0x0000000081c02000,0x0000000087180000)
 Metaspace       used 11342K, capacity 11546K, committed 11648K, reserved 1058816K
  class space    used 1313K, capacity 1391K, committed 1408K, reserved 1048576K
Event: 14.023 GC heap after
Heap after GC invocations=2 (full 0):
 PSYoungGen      total 38400K, used 5097K [0x00000000d5f00000, 0x00000000d8980000, 0x0000000100000000)
  eden space 33280K, 0% used [0x00000000d5f00000,0x00000000d5f00000,0x00000000d7f80000)
  from space 5120K, 99% used [0x00000000d8480000,0x00000000d897a6c0,0x00000000d8980000)
  to   space 5120K, 0% used [0x00000000d7f80000,0x00000000d7f80000,0x00000000d8480000)
 ParOldGen       total 87552K, used 56K [0x0000000081c00000, 0x0000000087180000, 0x00000000d5f00000)
  object space 87552K, 0% used [0x0000000081c00000,0x0000000081c0e000,0x0000000087180000)
 Metaspace       used 11342K, capacity 11546K, committed 11648K, reserved 1058816K
  class space    used 1313K, capacity 1391K, committed 1408K, reserved 1048576K
}
Event: 21.542 GC heap before
{Heap before GC invocations=3 (full 0):
 PSYoungGen      total 38400K, used 38244K [0x00000000d5f00000, 0x00000000d8980000, 0x0000000100000000)
  eden space 33280K, 99% used [0x00000000d5f00000,0x00000000d7f5ec90,0x00000000d7f80000)
  from space 5120K, 99% used [0x00000000d8480000,0x00000000d897a6c0,0x00000000d8980000)
  to   space 5120K, 0% used [0x00000000d7f80000,0x00000000d7f80000,0x00000000d8480000)
 ParOldGen       total 87552K, used 56K [0x0000000081c00000, 0x0000000087180000, 0x00000000d5f00000)
  object space 87552K, 0% used [0x0000000081c00000,0x0000000081c0e000,0x0000000087180000)
 Metaspace       used 11452K, capacity 11720K, committed 12032K, reserved 1060864K
  class space    used 1331K, capacity 1424K, committed 1536K, reserved 1048576K
Event: 21.548 GC heap after
Heap after GC invocations=3 (full 0):
 PSYoungGen      total 38400K, used 4069K [0x00000000d5f00000, 0x00000000d8980000, 0x0000000100000000)
  eden space 33280K, 0% used [0x00000000d5f00000,0x00000000d5f00000,0x00000000d7f80000)
  from space 5120K, 79% used [0x00000000d7f80000,0x00000000d83794c0,0x00000000d8480000)
  to   space 5120K, 0% used [0x00000000d8480000,0x00000000d8480000,0x00000000d8980000)
 ParOldGen       total 87552K, used 64K [0x0000000081c00000, 0x0000000087180000, 0x00000000d5f00000)
  object space 87552K, 0% used [0x0000000081c00000,0x0000000081c10000,0x0000000087180000)
 Metaspace       used 11452K, capacity 11720K, committed 12032K, reserved 1060864K
  class space    used 1331K, capacity 1424K, committed 1536K, reserved 1048576K
}

Deoptimization events (5 events):
Event: 0.351 Thread 0x00000000025e3800 Uncommon trap: reason=null_check action=make_not_entrant pc=0x000000000285cb14 method=java.lang.String.equals(Ljava/lang/Object;)Z @ 8
Event: 9.054 Thread 0x000000001a64a000 Uncommon trap: reason=class_check action=maybe_recompile pc=0x000000000288bd20 method=java.lang.String.equals(Ljava/lang/Object;)Z @ 8
Event: 9.054 Thread 0x000000001a64a000 Uncommon trap: reason=class_check action=maybe_recompile pc=0x000000000288bd20 method=java.lang.String.equals(Ljava/lang/Object;)Z @ 8
Event: 9.054 Thread 0x000000001a64a000 Uncommon trap: reason=class_check action=maybe_recompile pc=0x000000000288bd20 method=java.lang.String.equals(Ljava/lang/Object;)Z @ 8
Event: 10.432 Thread 0x000000001a64a000 Uncommon trap: reason=class_check action=maybe_recompile pc=0x000000000288bd20 method=java.lang.String.equals(Ljava/lang/Object;)Z @ 8

Classes redefined (0 events):
No events

Internal exceptions (10 events):
Event: 0.050 Thread 0x00000000025e3800 Exception <a 'java/lang/NoSuchMethodError': Method sun.misc.Unsafe.prefetchRead(Ljava/lang/Object;J)V name or signature does not match> (0x00000000d5f07f98) thrown at [C:\workspace\8-2-build-windows-amd64-cygwin\jdk8u192\11897\hotspot\src\share\vm\prims\j
Event: 0.179 Thread 0x00000000025e3800 Exception <a 'java/security/PrivilegedActionException'> (0x00000000d61ebd28) thrown at [C:\workspace\8-2-build-windows-amd64-cygwin\jdk8u192\11897\hotspot\src\share\vm\prims\jvm.cpp, line 1435]
Event: 0.179 Thread 0x00000000025e3800 Exception <a 'java/security/PrivilegedActionException'> (0x00000000d61ebf38) thrown at [C:\workspace\8-2-build-windows-amd64-cygwin\jdk8u192\11897\hotspot\src\share\vm\prims\jvm.cpp, line 1435]
Event: 0.180 Thread 0x00000000025e3800 Exception <a 'java/security/PrivilegedActionException'> (0x00000000d61efe48) thrown at [C:\workspace\8-2-build-windows-amd64-cygwin\jdk8u192\11897\hotspot\src\share\vm\prims\jvm.cpp, line 1435]
Event: 0.180 Thread 0x00000000025e3800 Exception <a 'java/security/PrivilegedActionException'> (0x00000000d61f0058) thrown at [C:\workspace\8-2-build-windows-amd64-cygwin\jdk8u192\11897\hotspot\src\share\vm\prims\jvm.cpp, line 1435]
Event: 0.188 Thread 0x00000000025e3800 Exception <a 'java/io/FileNotFoundException'> (0x00000000d61fcd10) thrown at [C:\workspace\8-2-build-windows-amd64-cygwin\jdk8u192\11897\hotspot\src\share\vm\prims\jni.cpp, line 709]
Event: 0.227 Thread 0x00000000025e3800 Exception <a 'java/lang/NoSuchFieldError': method resolution failed> (0x00000000d632e310) thrown at [C:\workspace\8-2-build-windows-amd64-cygwin\jdk8u192\11897\hotspot\src\share\vm\prims\methodHandles.cpp, line 1167]
Event: 0.230 Thread 0x00000000025e3800 Exception <a 'java/lang/NoSuchFieldError': method resolution failed> (0x00000000d633c188) thrown at [C:\workspace\8-2-build-windows-amd64-cygwin\jdk8u192\11897\hotspot\src\share\vm\prims\methodHandles.cpp, line 1167]
Event: 0.313 Thread 0x00000000025e3800 Exception <a 'java/io/FileNotFoundException'> (0x00000000d64fdc18) thrown at [C:\workspace\8-2-build-windows-amd64-cygwin\jdk8u192\11897\hotspot\src\share\vm\prims\jni.cpp, line 709]
Event: 0.351 Thread 0x00000000025e3800 Implicit null exception at 0x000000000285c95b to 0x000000000285cb05

Events (10 events):
Event: 22.523 Executing VM operation: RevokeBias
Event: 22.523 Executing VM operation: RevokeBias done
Event: 24.427 loading class sun/awt/windows/WMenuItemPeer$1
Event: 24.427 loading class sun/awt/windows/WMenuItemPeer$1 done
Event: 24.427 Thread 0x000000001a7bd000 Thread added: 0x000000001a7bd000
Event: 24.427 Thread 0x000000001a7be000 Thread added: 0x000000001a7be000
Event: 24.428 Thread 0x000000001a7be000 Thread exited: 0x000000001a7be000
Event: 24.459 Thread 0x000000001a5cf000 Thread exited: 0x000000001a5cf000
Event: 24.528 Thread 0x000000001a7bd000 Thread exited: 0x000000001a7bd000
Event: 24.528 Executing VM operation: Exit


Dynamic libraries:
0x00007ff676d50000 - 0x00007ff676d87000 	C:\Program Files\Java\jdk1.8.0_192\bin\java.exe
0x00007ff946b40000 - 0x00007ff946d30000 	C:\WINDOWS\SYSTEM32\ntdll.dll
0x00007ff946a30000 - 0x00007ff946ae2000 	C:\WINDOWS\System32\KERNEL32.DLL
0x00007ff943ad0000 - 0x00007ff943d73000 	C:\WINDOWS\System32\KERNELBASE.dll
0x00007ff946080000 - 0x00007ff946123000 	C:\WINDOWS\System32\ADVAPI32.dll
0x00007ff944e20000 - 0x00007ff944ebe000 	C:\WINDOWS\System32\msvcrt.dll
0x00007ff946990000 - 0x00007ff946a27000 	C:\WINDOWS\System32\sechost.dll
0x00007ff946360000 - 0x00007ff946480000 	C:\WINDOWS\System32\RPCRT4.dll
0x00007ff945250000 - 0x00007ff9453e4000 	C:\WINDOWS\System32\USER32.dll
0x00007ff9440a0000 - 0x00007ff9440c1000 	C:\WINDOWS\System32\win32u.dll
0x00007ff946960000 - 0x00007ff946986000 	C:\WINDOWS\System32\GDI32.dll
0x00007ff943d80000 - 0x00007ff943f14000 	C:\WINDOWS\System32\gdi32full.dll
0x00007ff944b30000 - 0x00007ff944bce000 	C:\WINDOWS\System32\msvcp_win.dll
0x00007ff943fa0000 - 0x00007ff94409a000 	C:\WINDOWS\System32\ucrtbase.dll
0x00007ff92dfa0000 - 0x00007ff92e225000 	C:\WINDOWS\WinSxS\amd64_microsoft.windows.common-controls_6595b64144ccf1df_6.0.18362.592_none_e6c0b1911312be02\COMCTL32.dll
0x00007ff9455a0000 - 0x00007ff9458d6000 	C:\WINDOWS\System32\combase.dll
0x00007ff943f20000 - 0x00007ff943fa0000 	C:\WINDOWS\System32\bcryptPrimitives.dll
0x00007ff946050000 - 0x00007ff94607e000 	C:\WINDOWS\System32\IMM32.DLL
0x0000000052760000 - 0x0000000052831000 	C:\Program Files\Java\jdk1.8.0_192\jre\bin\msvcr100.dll
0x0000000051eb0000 - 0x0000000052753000 	C:\Program Files\Java\jdk1.8.0_192\jre\bin\server\jvm.dll
0x00007ff946af0000 - 0x00007ff946af8000 	C:\WINDOWS\System32\PSAPI.DLL
0x00007ff930b90000 - 0x00007ff930b99000 	C:\WINDOWS\SYSTEM32\WSOCK32.dll
0x00007ff939c60000 - 0x00007ff939c84000 	C:\WINDOWS\SYSTEM32\WINMM.dll
0x00007ff93c770000 - 0x00007ff93c77a000 	C:\WINDOWS\SYSTEM32\VERSION.dll
0x00007ff946480000 - 0x00007ff9464ef000 	C:\WINDOWS\System32\WS2_32.dll
0x00007ff939a80000 - 0x00007ff939aad000 	C:\WINDOWS\SYSTEM32\winmmbase.dll
0x00007ff944220000 - 0x00007ff94426a000 	C:\WINDOWS\System32\cfgmgr32.dll
0x00007ff90b830000 - 0x00007ff90b83f000 	C:\Program Files\Java\jdk1.8.0_192\jre\bin\verify.dll
0x00007ff9016c0000 - 0x00007ff9016e9000 	C:\Program Files\Java\jdk1.8.0_192\jre\bin\java.dll
0x00007ff9396d0000 - 0x00007ff9396f3000 	C:\Program Files\Java\jdk1.8.0_192\jre\bin\instrument.dll
0x00007ff90b1d0000 - 0x00007ff90b1e6000 	C:\Program Files\Java\jdk1.8.0_192\jre\bin\zip.dll
0x00007ff945960000 - 0x00007ff946045000 	C:\WINDOWS\System32\SHELL32.dll
0x00007ff9450f0000 - 0x00007ff945199000 	C:\WINDOWS\System32\shcore.dll
0x00007ff944380000 - 0x00007ff944aff000 	C:\WINDOWS\System32\windows.storage.dll
0x00007ff943a60000 - 0x00007ff943a7f000 	C:\WINDOWS\System32\profapi.dll
0x00007ff943a80000 - 0x00007ff943aca000 	C:\WINDOWS\System32\powrprof.dll
0x00007ff943a10000 - 0x00007ff943a20000 	C:\WINDOWS\System32\UMPDC.dll
0x00007ff945090000 - 0x00007ff9450e2000 	C:\WINDOWS\System32\shlwapi.dll
0x00007ff943a20000 - 0x00007ff943a31000 	C:\WINDOWS\System32\kernel.appcore.dll
0x00007ff944bd0000 - 0x00007ff944be7000 	C:\WINDOWS\System32\cryptsp.dll
0x00007ff9396b0000 - 0x00007ff9396ca000 	C:\Program Files\JetBrains\IntelliJ IDEA Community Edition 2019.3.2\bin\breakgen64.dll
0x00007ff9036a0000 - 0x00007ff9036ba000 	C:\Program Files\Java\jdk1.8.0_192\jre\bin\net.dll
0x00007ff943220000 - 0x00007ff943287000 	C:\WINDOWS\system32\mswsock.dll
0x00007ff939510000 - 0x00007ff9396a9000 	C:\Program Files\Java\jdk1.8.0_192\jre\bin\awt.dll
0x00007ff944d40000 - 0x00007ff944e04000 	C:\WINDOWS\System32\OLEAUT32.dll
0x00007ff941720000 - 0x00007ff9417af000 	C:\WINDOWS\SYSTEM32\apphelp.dll
0x00007ff8eddd0000 - 0x00007ff8f0f15000 	C:\src\opencv\build\java\x64\opencv_java420.dll
0x00007ff944ec0000 - 0x00007ff945016000 	C:\WINDOWS\System32\ole32.dll
0x00007ff91ce00000 - 0x00007ff91ce82000 	C:\WINDOWS\SYSTEM32\MF.dll
0x00007ff93dbb0000 - 0x00007ff93ddaa000 	C:\WINDOWS\SYSTEM32\MFPlat.DLL
0x00007ff92fbd0000 - 0x00007ff92fd09000 	C:\WINDOWS\SYSTEM32\MFReadWrite.dll
0x00007ff903810000 - 0x00007ff903bfc000 	C:\WINDOWS\SYSTEM32\MFCORE.DLL
0x00007ff9440d0000 - 0x00007ff944219000 	C:\WINDOWS\System32\CRYPT32.dll
0x00007ff943a40000 - 0x00007ff943a52000 	C:\WINDOWS\System32\MSASN1.dll
0x00007ff944b00000 - 0x00007ff944b26000 	C:\WINDOWS\System32\bcrypt.dll
0x00007ff92ded0000 - 0x00007ff92ded9000 	C:\WINDOWS\SYSTEM32\ksuser.dll
0x00007ff9433f0000 - 0x00007ff9433fc000 	C:\WINDOWS\SYSTEM32\CRYPTBASE.DLL
0x00007ff93e820000 - 0x00007ff93e84f000 	C:\WINDOWS\SYSTEM32\RTWorkQ.DLL
0x00007ff9420d0000 - 0x00007ff9420fd000 	C:\WINDOWS\system32\DWMAPI.DLL
0x00007ff941ac0000 - 0x00007ff941b59000 	C:\WINDOWS\system32\uxtheme.dll
0x00007ff9155e0000 - 0x00007ff915736000 	C:\WINDOWS\system32\opengl32.dll
0x00007ff916600000 - 0x00007ff91662c000 	C:\WINDOWS\SYSTEM32\GLU32.dll
0x00007ff9426f0000 - 0x00007ff942710000 	C:\WINDOWS\SYSTEM32\dxcore.dll
0x00007ff9453f0000 - 0x00007ff945525000 	C:\WINDOWS\System32\MSCTF.dll
0x00007ff9394c0000 - 0x00007ff939507000 	C:\Program Files\Java\jdk1.8.0_192\jre\bin\fontmanager.dll
0x00007ff93f700000 - 0x00007ff93f7ae000 	C:\WINDOWS\SYSTEM32\mscms.dll
0x00007ff943930000 - 0x00007ff943955000 	C:\WINDOWS\SYSTEM32\USERENV.dll
0x00007ff93f500000 - 0x00007ff93f517000 	C:\WINDOWS\SYSTEM32\ColorAdapterClient.dll
0x00007ff901770000 - 0x00007ff9017b3000 	C:\WINDOWS\SYSTEM32\icm32.dll
0x00007ff92ac90000 - 0x00007ff92acc0000 	C:\WINDOWS\SYSTEM32\CompPkgSup.DLL
0x00007ff9451a0000 - 0x00007ff945242000 	C:\WINDOWS\System32\clbcatq.dll
0x00007ff8ff6f0000 - 0x00007ff8ffe54000 	C:\Windows\System32\Windows.Media.dll
0x00007ff942a70000 - 0x00007ff942aa1000 	C:\WINDOWS\SYSTEM32\ntmarta.dll
0x00007ff93c800000 - 0x00007ff93c8de000 	C:\Windows\System32\Windows.ApplicationModel.dll
0x00007ff941b60000 - 0x00007ff941dba000 	C:\Windows\System32\twinapi.appcore.dll
0x00007ff9420a0000 - 0x00007ff9420c9000 	C:\Windows\System32\RMCLIENT.dll
0x00007ff939460000 - 0x00007ff9394b5000 	C:\Windows\System32\FSClient.dll
0x00007ff90c990000 - 0x00007ff90c9ec000 	C:\Windows\System32\MFSENSORGROUP.dll
0x00007ff942710000 - 0x00007ff9427fb000 	C:\Windows\System32\dxgi.dll
0x00007ff940c90000 - 0x00007ff940eeb000 	C:\Windows\System32\d3d11.dll
0x00007ff93d870000 - 0x00007ff93d950000 	C:\Windows\System32\AppXDeploymentClient.dll
0x00007ff9429b0000 - 0x00007ff942a3c000 	C:\Windows\System32\FirewallAPI.dll
0x00007ff93d750000 - 0x00007ff93d7ff000 	C:\Windows\System32\StateRepository.Core.dll
0x00007ff942f70000 - 0x00007ff94303a000 	C:\Windows\System32\DNSAPI.dll
0x00007ff944e10000 - 0x00007ff944e18000 	C:\WINDOWS\System32\NSI.dll
0x00007ff942f30000 - 0x00007ff942f6a000 	C:\WINDOWS\SYSTEM32\IPHLPAPI.DLL
0x00007ff942980000 - 0x00007ff9429ae000 	C:\Windows\System32\fwbase.dll
0x00007ff93f3f0000 - 0x00007ff93f3fa000 	C:\WINDOWS\SYSTEM32\AVRT.dll
0x00007ff93ff60000 - 0x00007ff93ff6d000 	C:\Windows\System32\vidcap.ax
0x00007ff939280000 - 0x00007ff9392a6000 	C:\Windows\System32\kswdmcap.ax
0x00007ff8fd540000 - 0x00007ff8fd6a2000 	C:\Windows\System32\MFC42.dll
0x00007ff91cfa0000 - 0x00007ff91d0d5000 	C:\Windows\System32\Windows.StateRepositoryPS.dll
0x00007ff93f590000 - 0x00007ff93f6e3000 	C:\Windows\System32\WinTypes.dll
0x00007ff8ed750000 - 0x00007ff8eda3f000 	C:\Program Files\Intel\Media SDK\mfx_mft_mjpgvd_64.dll
0x00007ff940160000 - 0x00007ff94024f000 	C:\WINDOWS\SYSTEM32\PROPSYS.dll
0x00007ff92e2a0000 - 0x00007ff92e2bd000 	C:\Windows\System32\mfmjpegdec.dll
0x00007ff90ca60000 - 0x00007ff90cb8d000 	C:\Windows\System32\mfperfhelper.dll
0x00007ff904250000 - 0x00007ff9043c2000 	C:\WINDOWS\System32\msvproc.dll
0x00007ff92acd0000 - 0x00007ff92acf4000 	C:\WINDOWS\SYSTEM32\OpenCL.dll
0x00007ff901050000 - 0x00007ff9011a7000 	C:\WINDOWS\System32\DriverStore\FileRepository\igdlh64.inf_amd64_c9081e50bcffa972\IntelOpenCL64.dll
0x00007ff8ed570000 - 0x00007ff8ed74b000 	C:\Program Files (x86)\Common Files\Intel\OpenCL\bin\x64\intelocl64.dll
0x00007ff902810000 - 0x00007ff9028bc000 	C:\Program Files (x86)\Common Files\Intel\OpenCL\bin\x64\task_executor64.dll
0x00007ff901340000 - 0x00007ff90142b000 	C:\Program Files (x86)\Common Files\Intel\OpenCL\bin\x64\cpu_device64.dll
0x00007ff8ed0c0000 - 0x00007ff8ed563000 	C:\WINDOWS\System32\DriverStore\FileRepository\igdlh64.inf_amd64_c9081e50bcffa972\igdrclneo64.dll
0x00007ff9016a0000 - 0x00007ff9016b1000 	C:\Program Files\Java\jdk1.8.0_192\jre\bin\nio.dll
0x00007ff924cf0000 - 0x00007ff924d32000 	C:\Program Files\Java\jdk1.8.0_192\jre\bin\t2k.dll
0x00007ff937de0000 - 0x00007ff937e7e000 	C:\WINDOWS\System32\TextInputFramework.dll
0x00007ff938110000 - 0x00007ff93843a000 	C:\WINDOWS\System32\CoreUIComponents.dll
0x00007ff941120000 - 0x00007ff9411f4000 	C:\WINDOWS\System32\CoreMessaging.dll
0x00007ff935b70000 - 0x00007ff935e16000 	C:\WINDOWS\System32\iertutil.dll
0x00007ff9418a0000 - 0x00007ff941a94000 	C:\WINDOWS\SYSTEM32\dbghelp.dll

VM Arguments:
jvm_args: -Djava.library.path=C:\src\opencv\build\java\x64 -javaagent:C:\Program Files\JetBrains\IntelliJ IDEA Community Edition 2019.3.2\lib\idea_rt.jar=50757:C:\Program Files\JetBrains\IntelliJ IDEA Community Edition 2019.3.2\bin -Dfile.encoding=UTF-8 
java_command: com.braceyourself.gui.MainGUI
java_class_path (initial): C:\Program Files\Java\jdk1.8.0_192\jre\lib\charsets.jar;C:\Program Files\Java\jdk1.8.0_192\jre\lib\deploy.jar;C:\Program Files\Java\jdk1.8.0_192\jre\lib\ext\access-bridge-64.jar;C:\Program Files\Java\jdk1.8.0_192\jre\lib\ext\cldrdata.jar;C:\Program Files\Java\jdk1.8.0_192\jre\lib\ext\dnsns.jar;C:\Program Files\Java\jdk1.8.0_192\jre\lib\ext\jaccess.jar;C:\Program Files\Java\jdk1.8.0_192\jre\lib\ext\jfxrt.jar;C:\Program Files\Java\jdk1.8.0_192\jre\lib\ext\localedata.jar;C:\Program Files\Java\jdk1.8.0_192\jre\lib\ext\nashorn.jar;C:\Program Files\Java\jdk1.8.0_192\jre\lib\ext\sunec.jar;C:\Program Files\Java\jdk1.8.0_192\jre\lib\ext\sunjce_provider.jar;C:\Program Files\Java\jdk1.8.0_192\jre\lib\ext\sunmscapi.jar;C:\Program Files\Java\jdk1.8.0_192\jre\lib\ext\sunpkcs11.jar;C:\Program Files\Java\jdk1.8.0_192\jre\lib\ext\zipfs.jar;C:\Program Files\Java\jdk1.8.0_192\jre\lib\javaws.jar;C:\Program Files\Java\jdk1.8.0_192\jre\lib\jce.jar;C:\Program Files\Java\jdk1.8.0_192\jre\lib\jfr.jar;C:\Program Files\Java\jdk1.8.0_192\jre\lib\jfxswt.jar;C:\Program Files\Java\jdk1.8.0_192\jre\lib\jsse.jar;C:\Program Files\Java\jdk1.8.0_192\jre\lib\management-agent.jar;C:\Program Files\Java\jdk1.8.0_192\jre\lib\plugin.jar;C:\Program Files\Java\jdk1.8.0_192\jre\lib\resources.jar;C:\Program Files\Java\jdk1.8.0_192\jre\lib\rt.jar;C:\Users\Andre\Documents\GitHub\uOttaHack2020\out\production\uOttaHack2020;C:\src\opencv\build\java\opencv-420.jar;C:\Program Files\JetBrains\IntelliJ IDEA Community Edition 2019.3.2\lib\idea_rt.jar
Launcher Type: SUN_STANDARD

Environment Variables:
JAVA_HOME=C:\Program Files\Java\jdk1.8.0_192
USERNAME=Andre
OS=Windows_NT
PROCESSOR_IDENTIFIER=Intel64 Family 6 Model 142 Stepping 10, GenuineIntel



---------------  S Y S T E M  ---------------

OS: Windows 10.0 , 64 bit Build 18362 (10.0.18362.329)

CPU:total 8 (initial active 8) (4 cores per cpu, 2 threads per core) family 6 model 142 stepping 10, cmov, cx8, fxsr, mmx, sse, sse2, sse3, ssse3, sse4.1, sse4.2, popcnt, avx, avx2, aes, clmul, erms, 3dnowpref, lzcnt, ht, tsc, tscinvbit, bmi1, bmi2, adx

Memory: 4k page, physical 8272652k(3073244k free), swap 26098444k(16889164k free)

vm_info: Java HotSpot(TM) 64-Bit Server VM (25.192-b12) for windows-amd64 JRE (1.8.0_192-b12), built on Oct  6 2018 17:12:23 by "java_re" with MS VC++ 10.0 (VS2010)

time: Sun Feb 09 05:16:42 2020
timezone: Eastern Standard Time
elapsed time: 25 seconds (0d 0h 0m 25s)

