#
# A fatal error has been detected by the Java Runtime Environment:
#
#  EXCEPTION_ACCESS_VIOLATION (0xc0000005) at pc=0x00007ff8ed15a0e0, pid=17356, tid=0x00000000000020c4
#
# JRE version: Java(TM) SE Runtime Environment (8.0_192-b12) (build 1.8.0_192-b12)
# Java VM: Java HotSpot(TM) 64-Bit Server VM (25.192-b12 mixed mode windows-amd64 compressed oops)
# Problematic frame:
# C  [igdrclneo64.dll+0x9a0e0]
#
# Failed to write core dump. Minidumps are not enabled by default on client versions of Windows
#
# If you would like to submit a bug report, please visit:
#   http://bugreport.java.com/bugreport/crash.jsp
#

---------------  T H R E A D  ---------------

Current thread (0x000000001755a000):  VMThread [stack: 0x0000000019220000,0x0000000019320000] [id=8388]

siginfo: ExceptionCode=0xc0000005, reading address 0x0000000000000000

Registers:
RAX=0x00000000292e91b0, RBX=0x00007ff8ed15a0c0, RCX=0x000000002927ea50, RDX=0x0000000000000000
RSP=0x000000001931ea50, RBP=0x0000000000000000, RSI=0x0000000000000000, RDI=0x000000002927ea50
R8 =0x000000000000003d, R9 =0x000000000000003d, R10=0x000000000000003b, R11=0x000000001931ea90
R12=0x00007ff946ca6120, R13=0x00007ff946ca6168, R14=0x00007ff8f0ce5130, R15=0x00007ff8ef42ba70
RIP=0x00007ff8ed15a0e0, EFLAGS=0x0000000000010206

Top of Stack: (sp=0x000000001931ea50)
0x000000001931ea50:   0000000000000016 00007ff946b8083d
0x000000001931ea60:   00000000005d02e8 00007ff946b86653
0x000000001931ea70:   000000002927ea50 00007ff8ed0e1180
0x000000001931ea80:   00007ff8ed15a0c0 0000000000600af0
0x000000001931ea90:   0000000000000000 00007ff92acd2b4f
0x000000001931eaa0:   fffffffffffffffe 0000000000000000
0x000000001931eab0:   000057fa02090a26 00007ff8f0ce7770
0x000000001931eac0:   0000000000000001 00007ff8ef5465ae
0x000000001931ead0:   000000001e28fb30 000000001e28fb30
0x000000001931eae0:   00007ff8ef42ba70 00007ff8f00a9833
0x000000001931eaf0:   00007ff8f0ce77d0 00007ff8ef431fdf
0x000000001931eb00:   0000000000000000 000000001e28fb30
0x000000001931eb10:   0000000000000000 00007ff8f00a9c9b
0x000000001931eb20:   00007ff800000000 00007ff8ef566315
0x000000001931eb30:   00000d2533a30e75 00007ff946ca6120
0x000000001931eb40:   0000000000000001 00007ff8ef546890 

Instructions: (pc=0x00007ff8ed15a0e0)
0x00007ff8ed15a0c0:   48 89 5c 24 08 48 89 74 24 10 57 48 83 ec 20 48
0x00007ff8ed15a0d0:   8b 81 f8 00 00 00 48 8b f9 48 8b b0 f0 03 00 00
0x00007ff8ed15a0e0:   48 8b 06 48 8b 58 18 48 8b cb ff 15 58 54 1a 00
0x00007ff8ed15a0f0:   48 8b ce ff d3 48 8b cf e8 b3 bb fc ff 84 c0 75 


Register to memory mapping:

RAX=0x00000000292e91b0 is an unknown value
RBX=0x00007ff8ed15a0c0 is an unknown value
RCX=0x000000002927ea50 is an unknown value
RDX=0x0000000000000000 is an unknown value
RSP=0x000000001931ea50 is an unknown value
RBP=0x0000000000000000 is an unknown value
RSI=0x0000000000000000 is an unknown value
RDI=0x000000002927ea50 is an unknown value
R8 =0x000000000000003d is an unknown value
R9 =0x000000000000003d is an unknown value
R10=0x000000000000003b is an unknown value
R11=0x000000001931ea90 is an unknown value
R12=0x00007ff946ca6120 is an unknown value
R13=0x00007ff946ca6168 is an unknown value
R14=0x00007ff8f0ce5130 is an unknown value
R15=0x00007ff8ef42ba70 is an unknown value


Stack: [0x0000000019220000,0x0000000019320000],  sp=0x000000001931ea50,  free space=1018k
Native frames: (J=compiled Java code, j=interpreted, Vv=VM code, C=native code)

VM_Operation (0x000000001bacd1a0): Exit, mode: safepoint, requested by thread 0x000000001a5ad000


---------------  P R O C E S S  ---------------

Java Threads: ( => current thread )
  0x00000000024b3800 JavaThread "DestroyJavaVM" [_thread_blocked, id=12644, stack(0x0000000002240000,0x0000000002340000)]
  0x000000001a5cf800 JavaThread "Thread-2" [_thread_blocked, id=8868, stack(0x0000000028600000,0x0000000028700000)]
  0x000000001a5ad000 JavaThread "AWT-EventQueue-0" [_thread_blocked, id=7616, stack(0x000000001b9d0000,0x000000001bad0000)]
  0x000000001a51f800 JavaThread "AWT-Shutdown" [_thread_blocked, id=15996, stack(0x000000001adb0000,0x000000001aeb0000)]
  0x000000001a51e800 JavaThread "Java2D Disposer" daemon [_thread_blocked, id=6016, stack(0x000000001acb0000,0x000000001adb0000)]
  0x000000001948c000 JavaThread "Service Thread" daemon [_thread_blocked, id=14192, stack(0x000000001a120000,0x000000001a220000)]
  0x00000000193fd800 JavaThread "C1 CompilerThread3" daemon [_thread_blocked, id=15348, stack(0x000000001a020000,0x000000001a120000)]
  0x00000000193f3000 JavaThread "C2 CompilerThread2" daemon [_thread_blocked, id=2392, stack(0x0000000019f20000,0x000000001a020000)]
  0x00000000193f0000 JavaThread "C2 CompilerThread1" daemon [_thread_blocked, id=16112, stack(0x0000000019e20000,0x0000000019f20000)]
  0x00000000193e6800 JavaThread "C2 CompilerThread0" daemon [_thread_blocked, id=9356, stack(0x0000000019d20000,0x0000000019e20000)]
  0x0000000019386000 JavaThread "Monitor Ctrl-Break" daemon [_thread_in_native, id=16176, stack(0x0000000019c20000,0x0000000019d20000)]
  0x000000001935b000 JavaThread "Attach Listener" daemon [_thread_blocked, id=6344, stack(0x0000000019b20000,0x0000000019c20000)]
  0x000000001935a000 JavaThread "Signal Dispatcher" daemon [_thread_blocked, id=10552, stack(0x0000000019a20000,0x0000000019b20000)]
  0x0000000019341800 JavaThread "Finalizer" daemon [_thread_blocked, id=416, stack(0x0000000019820000,0x0000000019920000)]
  0x0000000019340800 JavaThread "Reference Handler" daemon [_thread_blocked, id=10352, stack(0x0000000019720000,0x0000000019820000)]

Other Threads:
=>0x000000001755a000 VMThread [stack: 0x0000000019220000,0x0000000019320000] [id=8388]

VM state:at safepoint (shutting down)

VM Mutex/Monitor currently owned by a thread:  ([mutex/lock_event])
[0x00000000024b0350] Threads_lock - owner thread: 0x000000001755a000

heap address: 0x0000000081c00000, size: 2020 MB, Compressed Oops mode: 32-bit
Narrow klass base: 0x0000000000000000, Narrow klass shift: 3
Compressed class space size: 1073741824 Address: 0x0000000100000000

Heap:
 PSYoungGen      total 36352K, used 7222K [0x00000000d5f00000, 0x00000000d8980000, 0x0000000100000000)
  eden space 30208K, 12% used [0x00000000d5f00000,0x00000000d62ce5b0,0x00000000d7c80000)
  from space 6144K, 54% used [0x00000000d8380000,0x00000000d86bf630,0x00000000d8980000)
  to   space 6656K, 0% used [0x00000000d7c80000,0x00000000d7c80000,0x00000000d8300000)
 ParOldGen       total 87552K, used 2107K [0x0000000081c00000, 0x0000000087180000, 0x00000000d5f00000)
  object space 87552K, 2% used [0x0000000081c00000,0x0000000081e0eeb0,0x0000000087180000)
 Metaspace       used 11325K, capacity 11520K, committed 11776K, reserved 1058816K
  class space    used 1334K, capacity 1424K, committed 1536K, reserved 1048576K

Card table byte_map: [0x0000000011970000,0x0000000011d70000] byte_map_base: 0x0000000011562000

Marking Bits: (ParMarkBitMap*) 0x00000000526d3ce0
 Begin Bits: [0x0000000012820000, 0x00000000147b0000)
 End Bits:   [0x00000000147b0000, 0x0000000016740000)

Polling page: 0x0000000000580000

CodeCache: size=245760Kb used=2895Kb max_used=2895Kb free=242864Kb
 bounds [0x00000000025b0000, 0x0000000002890000, 0x00000000115b0000]
 total_blobs=1544 nmethods=767 adapters=689
 compilation: enabled

Compilation events (10 events):
Event: 47.604 Thread 0x00000000193fd800  791       3       sun.awt.windows.WToolkit::targetToPeer (5 bytes)
Event: 47.604 Thread 0x00000000193fd800 nmethod 791 0x0000000002762490 code [0x0000000002762660, 0x0000000002762df8]
Event: 47.605 Thread 0x00000000193fd800  793       3       java.nio.ByteBuffer::array (35 bytes)
Event: 47.605 Thread 0x00000000193fd800 nmethod 793 0x00000000026e1390 code [0x00000000026e1520, 0x00000000026e1838]
Event: 47.605 Thread 0x00000000193fd800  792       3       sun.awt.SunToolkit::targetToPeer (20 bytes)
Event: 47.605 Thread 0x00000000193fd800 nmethod 792 0x0000000002761990 code [0x0000000002761b60, 0x0000000002762298]
Event: 47.944 Thread 0x00000000193fd800  794       3       java.awt.EventQueue$4::run (5 bytes)
Event: 47.945 Thread 0x00000000193fd800 nmethod 794 0x0000000002792990 code [0x0000000002792b80, 0x0000000002793238]
Event: 47.945 Thread 0x00000000193fd800  795       3       java.awt.EventQueue$4::run (19 bytes)
Event: 47.945 Thread 0x00000000193fd800 nmethod 795 0x0000000002791d90 code [0x0000000002791f80, 0x00000000027925b8]

GC Heap History (10 events):
Event: 28.902 GC heap before
{Heap before GC invocations=6 (full 0):
 PSYoungGen      total 37888K, used 37173K [0x00000000d5f00000, 0x00000000d8b00000, 0x0000000100000000)
  eden space 32768K, 97% used [0x00000000d5f00000,0x00000000d7e4eed0,0x00000000d7f00000)
  from space 5120K, 99% used [0x00000000d7f80000,0x00000000d847e6d0,0x00000000d8480000)
  to   space 6144K, 0% used [0x00000000d8500000,0x00000000d8500000,0x00000000d8b00000)
 ParOldGen       total 87552K, used 56K [0x0000000081c00000, 0x0000000087180000, 0x00000000d5f00000)
  object space 87552K, 0% used [0x0000000081c00000,0x0000000081c0e000,0x0000000087180000)
 Metaspace       used 11164K, capacity 11388K, committed 11776K, reserved 1058816K
  class space    used 1324K, capacity 1424K, committed 1536K, reserved 1048576K
Event: 28.904 GC heap after
Heap after GC invocations=6 (full 0):
 PSYoungGen      total 37888K, used 5065K [0x00000000d5f00000, 0x00000000d8a80000, 0x0000000100000000)
  eden space 32256K, 0% used [0x00000000d5f00000,0x00000000d5f00000,0x00000000d7e80000)
  from space 5632K, 89% used [0x00000000d8500000,0x00000000d89f26c0,0x00000000d8a80000)
  to   space 6144K, 0% used [0x00000000d7e80000,0x00000000d7e80000,0x00000000d8480000)
 ParOldGen       total 87552K, used 64K [0x0000000081c00000, 0x0000000087180000, 0x00000000d5f00000)
  object space 87552K, 0% used [0x0000000081c00000,0x0000000081c10000,0x0000000087180000)
 Metaspace       used 11164K, capacity 11388K, committed 11776K, reserved 1058816K
  class space    used 1324K, capacity 1424K, committed 1536K, reserved 1048576K
}
Event: 32.561 GC heap before
{Heap before GC invocations=7 (full 0):
 PSYoungGen      total 37888K, used 36330K [0x00000000d5f00000, 0x00000000d8a80000, 0x0000000100000000)
  eden space 32256K, 96% used [0x00000000d5f00000,0x00000000d7d88230,0x00000000d7e80000)
  from space 5632K, 89% used [0x00000000d8500000,0x00000000d89f26c0,0x00000000d8a80000)
  to   space 6144K, 0% used [0x00000000d7e80000,0x00000000d7e80000,0x00000000d8480000)
 ParOldGen       total 87552K, used 64K [0x0000000081c00000, 0x0000000087180000, 0x00000000d5f00000)
  object space 87552K, 0% used [0x0000000081c00000,0x0000000081c10000,0x0000000087180000)
 Metaspace       used 11166K, capacity 11388K, committed 11776K, reserved 1058816K
  class space    used 1324K, capacity 1424K, committed 1536K, reserved 1048576K
Event: 32.565 GC heap after
Heap after GC invocations=7 (full 0):
 PSYoungGen      total 37888K, used 3325K [0x00000000d5f00000, 0x00000000d8b00000, 0x0000000100000000)
  eden space 31744K, 0% used [0x00000000d5f00000,0x00000000d5f00000,0x00000000d7e00000)
  from space 6144K, 54% used [0x00000000d7e80000,0x00000000d81bf630,0x00000000d8480000)
  to   space 6656K, 0% used [0x00000000d8480000,0x00000000d8480000,0x00000000d8b00000)
 ParOldGen       total 87552K, used 2043K [0x0000000081c00000, 0x0000000087180000, 0x00000000d5f00000)
  object space 87552K, 2% used [0x0000000081c00000,0x0000000081dfeeb0,0x0000000087180000)
 Metaspace       used 11166K, capacity 11388K, committed 11776K, reserved 1058816K
  class space    used 1324K, capacity 1424K, committed 1536K, reserved 1048576K
}
Event: 36.245 GC heap before
{Heap before GC invocations=8 (full 0):
 PSYoungGen      total 37888K, used 34346K [0x00000000d5f00000, 0x00000000d8b00000, 0x0000000100000000)
  eden space 31744K, 97% used [0x00000000d5f00000,0x00000000d7d4b578,0x00000000d7e00000)
  from space 6144K, 54% used [0x00000000d7e80000,0x00000000d81bf630,0x00000000d8480000)
  to   space 6656K, 0% used [0x00000000d8480000,0x00000000d8480000,0x00000000d8b00000)
 ParOldGen       total 87552K, used 2043K [0x0000000081c00000, 0x0000000087180000, 0x00000000d5f00000)
  object space 87552K, 2% used [0x0000000081c00000,0x0000000081dfeeb0,0x0000000087180000)
 Metaspace       used 11166K, capacity 11388K, committed 11776K, reserved 1058816K
  class space    used 1324K, capacity 1424K, committed 1536K, reserved 1048576K
Event: 36.246 GC heap after
Heap after GC invocations=8 (full 0):
 PSYoungGen      total 37376K, used 3197K [0x00000000d5f00000, 0x00000000d8a80000, 0x0000000100000000)
  eden space 31232K, 0% used [0x00000000d5f00000,0x00000000d5f00000,0x00000000d7d80000)
  from space 6144K, 52% used [0x00000000d8480000,0x00000000d879f630,0x00000000d8a80000)
  to   space 6656K, 0% used [0x00000000d7d80000,0x00000000d7d80000,0x00000000d8400000)
 ParOldGen       total 87552K, used 2083K [0x0000000081c00000, 0x0000000087180000, 0x00000000d5f00000)
  object space 87552K, 2% used [0x0000000081c00000,0x0000000081e08eb0,0x0000000087180000)
 Metaspace       used 11166K, capacity 11388K, committed 11776K, reserved 1058816K
  class space    used 1324K, capacity 1424K, committed 1536K, reserved 1048576K
}
Event: 40.691 GC heap before
{Heap before GC invocations=9 (full 0):
 PSYoungGen      total 37376K, used 34373K [0x00000000d5f00000, 0x00000000d8a80000, 0x0000000100000000)
  eden space 31232K, 99% used [0x00000000d5f00000,0x00000000d7d720d8,0x00000000d7d80000)
  from space 6144K, 52% used [0x00000000d8480000,0x00000000d879f630,0x00000000d8a80000)
  to   space 6656K, 0% used [0x00000000d7d80000,0x00000000d7d80000,0x00000000d8400000)
 ParOldGen       total 87552K, used 2083K [0x0000000081c00000, 0x0000000087180000, 0x00000000d5f00000)
  object space 87552K, 2% used [0x0000000081c00000,0x0000000081e08eb0,0x0000000087180000)
 Metaspace       used 11189K, capacity 11388K, committed 11776K, reserved 1058816K
  class space    used 1324K, capacity 1424K, committed 1536K, reserved 1048576K
Event: 40.692 GC heap after
Heap after GC invocations=9 (full 0):
 PSYoungGen      total 34304K, used 3165K [0x00000000d5f00000, 0x00000000d8a00000, 0x0000000100000000)
  eden space 30720K, 0% used [0x00000000d5f00000,0x00000000d5f00000,0x00000000d7d00000)
  from space 3584K, 88% used [0x00000000d7d80000,0x00000000d8097630,0x00000000d8100000)
  to   space 6656K, 0% used [0x00000000d8380000,0x00000000d8380000,0x00000000d8a00000)
 ParOldGen       total 87552K, used 2091K [0x0000000081c00000, 0x0000000087180000, 0x00000000d5f00000)
  object space 87552K, 2% used [0x0000000081c00000,0x0000000081e0aeb0,0x0000000087180000)
 Metaspace       used 11189K, capacity 11388K, committed 11776K, reserved 1058816K
  class space    used 1324K, capacity 1424K, committed 1536K, reserved 1048576K
}
Event: 47.705 GC heap before
{Heap before GC invocations=10 (full 0):
 PSYoungGen      total 34304K, used 33496K [0x00000000d5f00000, 0x00000000d8a00000, 0x0000000100000000)
  eden space 30720K, 98% used [0x00000000d5f00000,0x00000000d7c9eac8,0x00000000d7d00000)
  from space 3584K, 88% used [0x00000000d7d80000,0x00000000d8097630,0x00000000d8100000)
  to   space 6656K, 0% used [0x00000000d8380000,0x00000000d8380000,0x00000000d8a00000)
 ParOldGen       total 87552K, used 2091K [0x0000000081c00000, 0x0000000087180000, 0x00000000d5f00000)
  object space 87552K, 2% used [0x0000000081c00000,0x0000000081e0aeb0,0x0000000087180000)
 Metaspace       used 11321K, capacity 11520K, committed 11776K, reserved 1058816K
  class space    used 1333K, capacity 1424K, committed 1536K, reserved 1048576K
Event: 47.707 GC heap after
Heap after GC invocations=10 (full 0):
 PSYoungGen      total 36352K, used 3325K [0x00000000d5f00000, 0x00000000d8980000, 0x0000000100000000)
  eden space 30208K, 0% used [0x00000000d5f00000,0x00000000d5f00000,0x00000000d7c80000)
  from space 6144K, 54% used [0x00000000d8380000,0x00000000d86bf630,0x00000000d8980000)
  to   space 6656K, 0% used [0x00000000d7c80000,0x00000000d7c80000,0x00000000d8300000)
 ParOldGen       total 87552K, used 2107K [0x0000000081c00000, 0x0000000087180000, 0x00000000d5f00000)
  object space 87552K, 2% used [0x0000000081c00000,0x0000000081e0eeb0,0x0000000087180000)
 Metaspace       used 11321K, capacity 11520K, committed 11776K, reserved 1058816K
  class space    used 1333K, capacity 1424K, committed 1536K, reserved 1048576K
}

Deoptimization events (5 events):
Event: 0.326 Thread 0x00000000024b3800 Uncommon trap: reason=null_check action=make_not_entrant pc=0x00000000027282d4 method=java.lang.String.equals(Ljava/lang/Object;)Z @ 8
Event: 6.553 Thread 0x000000001a5ad000 Uncommon trap: reason=class_check action=maybe_recompile pc=0x00000000027579a0 method=java.lang.String.equals(Ljava/lang/Object;)Z @ 8
Event: 6.553 Thread 0x000000001a5ad000 Uncommon trap: reason=class_check action=maybe_recompile pc=0x00000000027579a0 method=java.lang.String.equals(Ljava/lang/Object;)Z @ 8
Event: 6.553 Thread 0x000000001a5ad000 Uncommon trap: reason=class_check action=maybe_recompile pc=0x00000000027579a0 method=java.lang.String.equals(Ljava/lang/Object;)Z @ 8
Event: 9.351 Thread 0x000000001a5ad000 Uncommon trap: reason=class_check action=maybe_recompile pc=0x00000000027579a0 method=java.lang.String.equals(Ljava/lang/Object;)Z @ 8

Classes redefined (0 events):
No events

Internal exceptions (10 events):
Event: 0.045 Thread 0x00000000024b3800 Exception <a 'java/lang/NoSuchMethodError': Method sun.misc.Unsafe.prefetchRead(Ljava/lang/Object;J)V name or signature does not match> (0x00000000d5f07f98) thrown at [C:\workspace\8-2-build-windows-amd64-cygwin\jdk8u192\11897\hotspot\src\share\vm\prims\j
Event: 0.157 Thread 0x00000000024b3800 Exception <a 'java/security/PrivilegedActionException'> (0x00000000d61ebd28) thrown at [C:\workspace\8-2-build-windows-amd64-cygwin\jdk8u192\11897\hotspot\src\share\vm\prims\jvm.cpp, line 1435]
Event: 0.157 Thread 0x00000000024b3800 Exception <a 'java/security/PrivilegedActionException'> (0x00000000d61ebf38) thrown at [C:\workspace\8-2-build-windows-amd64-cygwin\jdk8u192\11897\hotspot\src\share\vm\prims\jvm.cpp, line 1435]
Event: 0.158 Thread 0x00000000024b3800 Exception <a 'java/security/PrivilegedActionException'> (0x00000000d61efe48) thrown at [C:\workspace\8-2-build-windows-amd64-cygwin\jdk8u192\11897\hotspot\src\share\vm\prims\jvm.cpp, line 1435]
Event: 0.158 Thread 0x00000000024b3800 Exception <a 'java/security/PrivilegedActionException'> (0x00000000d61f0058) thrown at [C:\workspace\8-2-build-windows-amd64-cygwin\jdk8u192\11897\hotspot\src\share\vm\prims\jvm.cpp, line 1435]
Event: 0.163 Thread 0x00000000024b3800 Exception <a 'java/io/FileNotFoundException'> (0x00000000d61fcd10) thrown at [C:\workspace\8-2-build-windows-amd64-cygwin\jdk8u192\11897\hotspot\src\share\vm\prims\jni.cpp, line 709]
Event: 0.205 Thread 0x00000000024b3800 Exception <a 'java/lang/NoSuchFieldError': method resolution failed> (0x00000000d632e310) thrown at [C:\workspace\8-2-build-windows-amd64-cygwin\jdk8u192\11897\hotspot\src\share\vm\prims\methodHandles.cpp, line 1167]
Event: 0.208 Thread 0x00000000024b3800 Exception <a 'java/lang/NoSuchFieldError': method resolution failed> (0x00000000d633c188) thrown at [C:\workspace\8-2-build-windows-amd64-cygwin\jdk8u192\11897\hotspot\src\share\vm\prims\methodHandles.cpp, line 1167]
Event: 0.291 Thread 0x00000000024b3800 Exception <a 'java/io/FileNotFoundException'> (0x00000000d64fdb88) thrown at [C:\workspace\8-2-build-windows-amd64-cygwin\jdk8u192\11897\hotspot\src\share\vm\prims\jni.cpp, line 709]
Event: 0.326 Thread 0x00000000024b3800 Implicit null exception at 0x000000000272811b to 0x00000000027282c5

Events (10 events):
Event: 47.705 Executing VM operation: ParallelGCFailedAllocation
Event: 47.707 Executing VM operation: ParallelGCFailedAllocation done
Event: 47.944 loading class sun/awt/windows/WMenuItemPeer$1
Event: 47.944 loading class sun/awt/windows/WMenuItemPeer$1 done
Event: 47.945 Thread 0x0000000019663800 Thread added: 0x0000000019663800
Event: 47.945 Thread 0x0000000019664000 Thread added: 0x0000000019664000
Event: 47.945 Thread 0x0000000019664000 Thread exited: 0x0000000019664000
Event: 47.977 Thread 0x000000001a534000 Thread exited: 0x000000001a534000
Event: 48.046 Thread 0x0000000019663800 Thread exited: 0x0000000019663800
Event: 48.046 Executing VM operation: Exit


Dynamic libraries:
0x00007ff676d50000 - 0x00007ff676d87000 	C:\Program Files\Java\jdk1.8.0_192\bin\java.exe
0x00007ff946b40000 - 0x00007ff946d30000 	C:\WINDOWS\SYSTEM32\ntdll.dll
0x00007ff946a30000 - 0x00007ff946ae2000 	C:\WINDOWS\System32\KERNEL32.DLL
0x00007ff943ad0000 - 0x00007ff943d73000 	C:\WINDOWS\System32\KERNELBASE.dll
0x00007ff946080000 - 0x00007ff946123000 	C:\WINDOWS\System32\ADVAPI32.dll
0x00007ff944e20000 - 0x00007ff944ebe000 	C:\WINDOWS\System32\msvcrt.dll
0x00007ff946990000 - 0x00007ff946a27000 	C:\WINDOWS\System32\sechost.dll
0x00007ff946360000 - 0x00007ff946480000 	C:\WINDOWS\System32\RPCRT4.dll
0x00007ff945250000 - 0x00007ff9453e4000 	C:\WINDOWS\System32\USER32.dll
0x00007ff9440a0000 - 0x00007ff9440c1000 	C:\WINDOWS\System32\win32u.dll
0x00007ff946960000 - 0x00007ff946986000 	C:\WINDOWS\System32\GDI32.dll
0x00007ff943d80000 - 0x00007ff943f14000 	C:\WINDOWS\System32\gdi32full.dll
0x00007ff944b30000 - 0x00007ff944bce000 	C:\WINDOWS\System32\msvcp_win.dll
0x00007ff943fa0000 - 0x00007ff94409a000 	C:\WINDOWS\System32\ucrtbase.dll
0x00007ff92dfa0000 - 0x00007ff92e225000 	C:\WINDOWS\WinSxS\amd64_microsoft.windows.common-controls_6595b64144ccf1df_6.0.18362.592_none_e6c0b1911312be02\COMCTL32.dll
0x00007ff9455a0000 - 0x00007ff9458d6000 	C:\WINDOWS\System32\combase.dll
0x00007ff943f20000 - 0x00007ff943fa0000 	C:\WINDOWS\System32\bcryptPrimitives.dll
0x00007ff946050000 - 0x00007ff94607e000 	C:\WINDOWS\System32\IMM32.DLL
0x0000000052760000 - 0x0000000052831000 	C:\Program Files\Java\jdk1.8.0_192\jre\bin\msvcr100.dll
0x0000000051eb0000 - 0x0000000052753000 	C:\Program Files\Java\jdk1.8.0_192\jre\bin\server\jvm.dll
0x00007ff946af0000 - 0x00007ff946af8000 	C:\WINDOWS\System32\PSAPI.DLL
0x00007ff930b90000 - 0x00007ff930b99000 	C:\WINDOWS\SYSTEM32\WSOCK32.dll
0x00007ff939c60000 - 0x00007ff939c84000 	C:\WINDOWS\SYSTEM32\WINMM.dll
0x00007ff93c770000 - 0x00007ff93c77a000 	C:\WINDOWS\SYSTEM32\VERSION.dll
0x00007ff946480000 - 0x00007ff9464ef000 	C:\WINDOWS\System32\WS2_32.dll
0x00007ff939a80000 - 0x00007ff939aad000 	C:\WINDOWS\SYSTEM32\winmmbase.dll
0x00007ff944220000 - 0x00007ff94426a000 	C:\WINDOWS\System32\cfgmgr32.dll
0x00007ff90b830000 - 0x00007ff90b83f000 	C:\Program Files\Java\jdk1.8.0_192\jre\bin\verify.dll
0x00007ff9016c0000 - 0x00007ff9016e9000 	C:\Program Files\Java\jdk1.8.0_192\jre\bin\java.dll
0x00007ff9396d0000 - 0x00007ff9396f3000 	C:\Program Files\Java\jdk1.8.0_192\jre\bin\instrument.dll
0x00007ff90b1d0000 - 0x00007ff90b1e6000 	C:\Program Files\Java\jdk1.8.0_192\jre\bin\zip.dll
0x00007ff945960000 - 0x00007ff946045000 	C:\WINDOWS\System32\SHELL32.dll
0x00007ff9450f0000 - 0x00007ff945199000 	C:\WINDOWS\System32\shcore.dll
0x00007ff944380000 - 0x00007ff944aff000 	C:\WINDOWS\System32\windows.storage.dll
0x00007ff943a60000 - 0x00007ff943a7f000 	C:\WINDOWS\System32\profapi.dll
0x00007ff943a80000 - 0x00007ff943aca000 	C:\WINDOWS\System32\powrprof.dll
0x00007ff943a10000 - 0x00007ff943a20000 	C:\WINDOWS\System32\UMPDC.dll
0x00007ff945090000 - 0x00007ff9450e2000 	C:\WINDOWS\System32\shlwapi.dll
0x00007ff943a20000 - 0x00007ff943a31000 	C:\WINDOWS\System32\kernel.appcore.dll
0x00007ff944bd0000 - 0x00007ff944be7000 	C:\WINDOWS\System32\cryptsp.dll
0x00007ff9396b0000 - 0x00007ff9396ca000 	C:\Program Files\JetBrains\IntelliJ IDEA Community Edition 2019.3.2\bin\breakgen64.dll
0x00007ff9036a0000 - 0x00007ff9036ba000 	C:\Program Files\Java\jdk1.8.0_192\jre\bin\net.dll
0x00007ff943220000 - 0x00007ff943287000 	C:\WINDOWS\system32\mswsock.dll
0x00007ff939510000 - 0x00007ff9396a9000 	C:\Program Files\Java\jdk1.8.0_192\jre\bin\awt.dll
0x00007ff944d40000 - 0x00007ff944e04000 	C:\WINDOWS\System32\OLEAUT32.dll
0x00007ff941720000 - 0x00007ff9417af000 	C:\WINDOWS\SYSTEM32\apphelp.dll
0x00007ff8eddd0000 - 0x00007ff8f0f15000 	C:\src\opencv\build\java\x64\opencv_java420.dll
0x00007ff944ec0000 - 0x00007ff945016000 	C:\WINDOWS\System32\ole32.dll
0x00007ff93dbb0000 - 0x00007ff93ddaa000 	C:\WINDOWS\SYSTEM32\MFPlat.DLL
0x00007ff92fbd0000 - 0x00007ff92fd09000 	C:\WINDOWS\SYSTEM32\MFReadWrite.dll
0x00007ff91ce00000 - 0x00007ff91ce82000 	C:\WINDOWS\SYSTEM32\MF.dll
0x00007ff903810000 - 0x00007ff903bfc000 	C:\WINDOWS\SYSTEM32\MFCORE.DLL
0x00007ff9440d0000 - 0x00007ff944219000 	C:\WINDOWS\System32\CRYPT32.dll
0x00007ff943a40000 - 0x00007ff943a52000 	C:\WINDOWS\System32\MSASN1.dll
0x00007ff944b00000 - 0x00007ff944b26000 	C:\WINDOWS\System32\bcrypt.dll
0x00007ff92ded0000 - 0x00007ff92ded9000 	C:\WINDOWS\SYSTEM32\ksuser.dll
0x00007ff9433f0000 - 0x00007ff9433fc000 	C:\WINDOWS\SYSTEM32\CRYPTBASE.DLL
0x00007ff93e820000 - 0x00007ff93e84f000 	C:\WINDOWS\SYSTEM32\RTWorkQ.DLL
0x00007ff9420d0000 - 0x00007ff9420fd000 	C:\WINDOWS\system32\DWMAPI.DLL
0x00007ff941ac0000 - 0x00007ff941b59000 	C:\WINDOWS\system32\uxtheme.dll
0x00007ff9155e0000 - 0x00007ff915736000 	C:\WINDOWS\system32\opengl32.dll
0x00007ff916600000 - 0x00007ff91662c000 	C:\WINDOWS\SYSTEM32\GLU32.dll
0x00007ff9426f0000 - 0x00007ff942710000 	C:\WINDOWS\SYSTEM32\dxcore.dll
0x00007ff9453f0000 - 0x00007ff945525000 	C:\WINDOWS\System32\MSCTF.dll
0x00007ff9394c0000 - 0x00007ff939507000 	C:\Program Files\Java\jdk1.8.0_192\jre\bin\fontmanager.dll
0x00007ff93f700000 - 0x00007ff93f7ae000 	C:\WINDOWS\SYSTEM32\mscms.dll
0x00007ff943930000 - 0x00007ff943955000 	C:\WINDOWS\SYSTEM32\USERENV.dll
0x00007ff93f500000 - 0x00007ff93f517000 	C:\WINDOWS\SYSTEM32\ColorAdapterClient.dll
0x00007ff901770000 - 0x00007ff9017b3000 	C:\WINDOWS\SYSTEM32\icm32.dll
0x00007ff92ac90000 - 0x00007ff92acc0000 	C:\WINDOWS\SYSTEM32\CompPkgSup.DLL
0x00007ff9451a0000 - 0x00007ff945242000 	C:\WINDOWS\System32\clbcatq.dll
0x00007ff8ff6f0000 - 0x00007ff8ffe54000 	C:\Windows\System32\Windows.Media.dll
0x00007ff942a70000 - 0x00007ff942aa1000 	C:\WINDOWS\SYSTEM32\ntmarta.dll
0x00007ff939460000 - 0x00007ff9394b5000 	C:\Windows\System32\FSClient.dll
0x00007ff90c990000 - 0x00007ff90c9ec000 	C:\Windows\System32\MFSENSORGROUP.dll
0x00007ff942710000 - 0x00007ff9427fb000 	C:\Windows\System32\dxgi.dll
0x00007ff940c90000 - 0x00007ff940eeb000 	C:\Windows\System32\d3d11.dll
0x00007ff93c800000 - 0x00007ff93c8de000 	C:\Windows\System32\Windows.ApplicationModel.dll
0x00007ff941b60000 - 0x00007ff941dba000 	C:\Windows\System32\twinapi.appcore.dll
0x00007ff9420a0000 - 0x00007ff9420c9000 	C:\Windows\System32\RMCLIENT.dll
0x00007ff93f3f0000 - 0x00007ff93f3fa000 	C:\WINDOWS\SYSTEM32\AVRT.dll
0x00007ff93d870000 - 0x00007ff93d950000 	C:\Windows\System32\AppXDeploymentClient.dll
0x00007ff9429b0000 - 0x00007ff942a3c000 	C:\Windows\System32\FirewallAPI.dll
0x00007ff93d750000 - 0x00007ff93d7ff000 	C:\Windows\System32\StateRepository.Core.dll
0x00007ff942f70000 - 0x00007ff94303a000 	C:\Windows\System32\DNSAPI.dll
0x00007ff944e10000 - 0x00007ff944e18000 	C:\WINDOWS\System32\NSI.dll
0x00007ff942f30000 - 0x00007ff942f6a000 	C:\WINDOWS\SYSTEM32\IPHLPAPI.DLL
0x00007ff942980000 - 0x00007ff9429ae000 	C:\Windows\System32\fwbase.dll
0x00007ff93ff60000 - 0x00007ff93ff6d000 	C:\Windows\System32\vidcap.ax
0x00007ff939280000 - 0x00007ff9392a6000 	C:\Windows\System32\kswdmcap.ax
0x00007ff8ff1d0000 - 0x00007ff8ff332000 	C:\Windows\System32\MFC42.dll
0x00007ff91cfa0000 - 0x00007ff91d0d5000 	C:\Windows\System32\Windows.StateRepositoryPS.dll
0x00007ff93f590000 - 0x00007ff93f6e3000 	C:\Windows\System32\WinTypes.dll
0x00007ff8ed750000 - 0x00007ff8eda3f000 	C:\Program Files\Intel\Media SDK\mfx_mft_mjpgvd_64.dll
0x00007ff940160000 - 0x00007ff94024f000 	C:\WINDOWS\SYSTEM32\PROPSYS.dll
0x00007ff939440000 - 0x00007ff93945d000 	C:\Windows\System32\mfmjpegdec.dll
0x00007ff90ca60000 - 0x00007ff90cb8d000 	C:\Windows\System32\mfperfhelper.dll
0x00007ff904250000 - 0x00007ff9043c2000 	C:\WINDOWS\System32\msvproc.dll
0x00007ff92acd0000 - 0x00007ff92acf4000 	C:\WINDOWS\SYSTEM32\OpenCL.dll
0x00007ff901050000 - 0x00007ff9011a7000 	C:\WINDOWS\System32\DriverStore\FileRepository\igdlh64.inf_amd64_c9081e50bcffa972\IntelOpenCL64.dll
0x00007ff8ed570000 - 0x00007ff8ed74b000 	C:\Program Files (x86)\Common Files\Intel\OpenCL\bin\x64\intelocl64.dll
0x00007ff902810000 - 0x00007ff9028bc000 	C:\Program Files (x86)\Common Files\Intel\OpenCL\bin\x64\task_executor64.dll
0x00007ff901340000 - 0x00007ff90142b000 	C:\Program Files (x86)\Common Files\Intel\OpenCL\bin\x64\cpu_device64.dll
0x00007ff8ed0c0000 - 0x00007ff8ed563000 	C:\WINDOWS\System32\DriverStore\FileRepository\igdlh64.inf_amd64_c9081e50bcffa972\igdrclneo64.dll
0x00007ff9016a0000 - 0x00007ff9016b1000 	C:\Program Files\Java\jdk1.8.0_192\jre\bin\nio.dll
0x00007ff924cf0000 - 0x00007ff924d32000 	C:\Program Files\Java\jdk1.8.0_192\jre\bin\t2k.dll
0x00007ff937de0000 - 0x00007ff937e7e000 	C:\WINDOWS\System32\TextInputFramework.dll
0x00007ff938110000 - 0x00007ff93843a000 	C:\WINDOWS\System32\CoreUIComponents.dll
0x00007ff941120000 - 0x00007ff9411f4000 	C:\WINDOWS\System32\CoreMessaging.dll
0x00007ff935b70000 - 0x00007ff935e16000 	C:\WINDOWS\System32\iertutil.dll
0x00007ff9418a0000 - 0x00007ff941a94000 	C:\WINDOWS\SYSTEM32\dbghelp.dll

VM Arguments:
jvm_args: -Djava.library.path=C:\src\opencv\build\java\x64 -javaagent:C:\Program Files\JetBrains\IntelliJ IDEA Community Edition 2019.3.2\lib\idea_rt.jar=50910:C:\Program Files\JetBrains\IntelliJ IDEA Community Edition 2019.3.2\bin -Dfile.encoding=UTF-8 
java_command: com.braceyourself.gui.MainGUI
java_class_path (initial): C:\Program Files\Java\jdk1.8.0_192\jre\lib\charsets.jar;C:\Program Files\Java\jdk1.8.0_192\jre\lib\deploy.jar;C:\Program Files\Java\jdk1.8.0_192\jre\lib\ext\access-bridge-64.jar;C:\Program Files\Java\jdk1.8.0_192\jre\lib\ext\cldrdata.jar;C:\Program Files\Java\jdk1.8.0_192\jre\lib\ext\dnsns.jar;C:\Program Files\Java\jdk1.8.0_192\jre\lib\ext\jaccess.jar;C:\Program Files\Java\jdk1.8.0_192\jre\lib\ext\jfxrt.jar;C:\Program Files\Java\jdk1.8.0_192\jre\lib\ext\localedata.jar;C:\Program Files\Java\jdk1.8.0_192\jre\lib\ext\nashorn.jar;C:\Program Files\Java\jdk1.8.0_192\jre\lib\ext\sunec.jar;C:\Program Files\Java\jdk1.8.0_192\jre\lib\ext\sunjce_provider.jar;C:\Program Files\Java\jdk1.8.0_192\jre\lib\ext\sunmscapi.jar;C:\Program Files\Java\jdk1.8.0_192\jre\lib\ext\sunpkcs11.jar;C:\Program Files\Java\jdk1.8.0_192\jre\lib\ext\zipfs.jar;C:\Program Files\Java\jdk1.8.0_192\jre\lib\javaws.jar;C:\Program Files\Java\jdk1.8.0_192\jre\lib\jce.jar;C:\Program Files\Java\jdk1.8.0_192\jre\lib\jfr.jar;C:\Program Files\Java\jdk1.8.0_192\jre\lib\jfxswt.jar;C:\Program Files\Java\jdk1.8.0_192\jre\lib\jsse.jar;C:\Program Files\Java\jdk1.8.0_192\jre\lib\management-agent.jar;C:\Program Files\Java\jdk1.8.0_192\jre\lib\plugin.jar;C:\Program Files\Java\jdk1.8.0_192\jre\lib\resources.jar;C:\Program Files\Java\jdk1.8.0_192\jre\lib\rt.jar;C:\Users\Andre\Documents\GitHub\uOttaHack2020\out\production\uOttaHack2020;C:\src\opencv\build\java\opencv-420.jar;C:\Program Files\JetBrains\IntelliJ IDEA Community Edition 2019.3.2\lib\idea_rt.jar
Launcher Type: SUN_STANDARD

Environment Variables:
JAVA_HOME=C:\Program Files\Java\jdk1.8.0_192
USERNAME=Andre
OS=Windows_NT
PROCESSOR_IDENTIFIER=Intel64 Family 6 Model 142 Stepping 10, GenuineIntel



---------------  S Y S T E M  ---------------

OS: Windows 10.0 , 64 bit Build 18362 (10.0.18362.329)

CPU:total 8 (initial active 8) (4 cores per cpu, 2 threads per core) family 6 model 142 stepping 10, cmov, cx8, fxsr, mmx, sse, sse2, sse3, ssse3, sse4.1, sse4.2, popcnt, avx, avx2, aes, clmul, erms, 3dnowpref, lzcnt, ht, tsc, tscinvbit, bmi1, bmi2, adx

Memory: 4k page, physical 8272652k(2614308k free), swap 26098444k(16757992k free)

vm_info: Java HotSpot(TM) 64-Bit Server VM (25.192-b12) for windows-amd64 JRE (1.8.0_192-b12), built on Oct  6 2018 17:12:23 by "java_re" with MS VC++ 10.0 (VS2010)

time: Sun Feb 09 05:23:37 2020
timezone: Eastern Standard Time
elapsed time: 48 seconds (0d 0h 0m 48s)

